2021-03-17 18:09:23.394 - INFO - 4841 - azureml.train.automl._experiment_drivers.driver_utilities.modify_run_configuration:199 - Package azureml-train-automl missing from dependencies file.
2021-03-17 18:09:23.394 - INFO - 4841 - azureml.train.automl._experiment_drivers.driver_utilities.modify_run_configuration:205 - Using pinned version: azureml-train-automl==1.22.0.*
2021-03-17 18:09:23.395 - INFO - 4841 - azureml.train.automl._experiment_drivers.driver_utilities.modify_run_configuration:199 - Package pandas missing from dependencies file.
2021-03-17 18:09:23.396 - INFO - 4841 - azureml.train.automl._experiment_drivers.driver_utilities.modify_run_configuration:205 - Using pinned version: pandas==0.25.1
2021-03-17 18:09:23.396 - INFO - 4841 - azureml.train.automl._experiment_drivers.driver_utilities.modify_run_configuration:199 - Package psutil missing from dependencies file.
2021-03-17 18:09:23.397 - INFO - 4841 - azureml.train.automl._experiment_drivers.driver_utilities.modify_run_configuration:205 - Using pinned version: psutil>5.0.0,<6.0.0
2021-03-17 18:09:23.397 - INFO - 4841 - azureml.train.automl._experiment_drivers.driver_utilities.modify_run_configuration:199 - Package scikit-learn missing from dependencies file.
2021-03-17 18:09:23.398 - INFO - 4841 - azureml.train.automl._experiment_drivers.driver_utilities.modify_run_configuration:205 - Using pinned version: scikit-learn==0.22.1
2021-03-17 18:09:23.399 - INFO - 4841 - azureml.train.automl._experiment_drivers.driver_utilities.modify_run_configuration:199 - Package numpy missing from dependencies file.
2021-03-17 18:09:23.399 - INFO - 4841 - azureml.train.automl._experiment_drivers.driver_utilities.modify_run_configuration:205 - Using pinned version: numpy~=1.18.0
2021-03-17 18:09:23.399 - INFO - 4841 - azureml.train.automl._experiment_drivers.driver_utilities.modify_run_configuration:199 - Package py-xgboost missing from dependencies file.
2021-03-17 18:09:23.400 - INFO - 4841 - azureml.train.automl._experiment_drivers.driver_utilities.modify_run_configuration:205 - Using pinned version: py-xgboost<=0.90
2021-03-17 18:09:23.401 - INFO - 4841 - azureml.train.automl._experiment_drivers.driver_utilities.modify_run_configuration:199 - Package inference-schema missing from dependencies file.
2021-03-17 18:09:23.403 - INFO - 4841 - azureml.train.automl._experiment_drivers.driver_utilities.modify_run_configuration:199 - Package fbprophet missing from dependencies file.
2021-03-17 18:09:23.410 - INFO - 4841 - azureml.train.automl._experiment_drivers.driver_utilities.modify_run_configuration:205 - Using pinned version: fbprophet==0.5
2021-03-17 18:09:23.411 - INFO - 4841 - azureml.train.automl._experiment_drivers.driver_utilities.modify_run_configuration:199 - Package setuptools-git missing from dependencies file.
2021-03-17 18:09:23.411 - INFO - 4841 - azureml.train.automl._experiment_drivers.driver_utilities.modify_run_configuration:209 - Using installed version: setuptools-git==1.2
2021-03-17 18:09:23.426 - INFO - 4841 - azureml.train.automl._experiment_drivers.driver_utilities.validate_input:105 - Start data validation.
2021-03-17 18:09:24.541 - INFO - 4841 - azureml.train.automl._experiment_drivers.driver_utilities.validate_input:118 - Validation service found the data has no errors.
2021-03-17 18:09:24.542 - INFO - 4841 - azureml.train.automl._experiment_drivers.driver_utilities._create_remote_parent_run:377 - Start creating parent run.
2021-03-17 18:09:25.578 - INFO - 4841 - azureml.train.automl._experiment_drivers.driver_utilities._create_remote_parent_run:396 - [ParentRunID:AutoML_e36b97b2-e127-4c06-8b60-4db1dc1f0900] Remote run using input X and y.
2021-03-17 18:09:25.787 - INFO - 4841 - azureml.train.automl._experiment_drivers.driver_utilities._create_remote_parent_run:416 - Parent Run ID: AutoML_e36b97b2-e127-4c06-8b60-4db1dc1f0900
2021-03-17 18:09:25.788 - INFO - 4841 - azureml.train.automl._experiment_drivers.driver_utilities.start_remote_run:332 - Starting a snapshot run (snapshot_id : None)
